#
# There is insufficient memory for the Java Runtime Environment to continue.
# Native memory allocation (mmap) failed to map 65536 bytes for Failed to commit area from 0x0000026b33cf0000 to 0x0000026b33d00000 of length 65536.
# Possible reasons:
#   The system is out of physical RAM or swap space
#   The process is running with CompressedOops enabled, and the Java Heap may be blocking the growth of the native heap
# Possible solutions:
#   Reduce memory load on the system
#   Increase physical memory or swap space
#   Check if swap backing store is full
#   Decrease Java heap size (-Xmx/-Xms)
#   Decrease number of Java threads
#   Decrease Java thread stack sizes (-Xss)
#   Set larger code cache with -XX:ReservedCodeCacheSize=
# This output file may be truncated or incomplete.
#
#  Out of Memory Error (./src/hotspot/os/windows/os_windows.cpp:3303), pid=8832, tid=18440
#
# JRE version:  (11.0.7+10) (build )
# Java VM: OpenJDK 64-Bit Server VM (11.0.7+10-b765.65, mixed mode, sharing, tiered, compressed oops, g1 gc, windows-amd64)
# No core dump will be written. Minidumps are not enabled by default on client versions of Windows
#

---------------  S U M M A R Y ------------

Command Line: org.jetbrains.git4idea.http.GitAskPassApp Username for 'https://gitlab.skillbox.ru': 

Host: Intel(R) Core(TM) i5-3337U CPU @ 1.80GHz, 4 cores, 11G,  Windows 10 , 64 bit Build 19041 (10.0.19041.292)
Time: Mon Sep 28 21:59:12 2020 RTZ 2 (зима) elapsed time: 0 seconds (0d 0h 0m 0s)

---------------  T H R E A D  ---------------

Current thread (0x0000026b1f70f800):  JavaThread "Unknown thread" [_thread_in_vm, id=18440, stack(0x000000e7c5b00000,0x000000e7c5c00000)]

Stack: [0x000000e7c5b00000,0x000000e7c5c00000]
Native frames: (J=compiled Java code, j=interpreted, Vv=VM code, C=native code)
V  [jvm.dll+0x5ddcca]
V  [jvm.dll+0x7115d5]
V  [jvm.dll+0x712b2d]
V  [jvm.dll+0x7131e3]
V  [jvm.dll+0x23e3a8]
V  [jvm.dll+0x5db184]
V  [jvm.dll+0x5d0305]
V  [jvm.dll+0x2fb2ab]
V  [jvm.dll+0x2fb21a]
V  [jvm.dll+0x2fb0f2]
V  [jvm.dll+0x3000e5]
V  [jvm.dll+0x3485e5]
V  [jvm.dll+0x348cd6]
V  [jvm.dll+0x3486d3]
V  [jvm.dll+0x2d5b38]
V  [jvm.dll+0x2d6cd7]
V  [jvm.dll+0x6f05d7]
V  [jvm.dll+0x6f1dcc]
V  [jvm.dll+0x355b89]
V  [jvm.dll+0x6d43ae]
V  [jvm.dll+0x3bdc13]
V  [jvm.dll+0x3bfe61]
C  [jli.dll+0x5363]
C  [ucrtbase.dll+0x214c2]
C  [KERNEL32.DLL+0x16fd4]
C  [ntdll.dll+0x4cec1]


---------------  P R O C E S S  ---------------

Threads class SMR info:
_java_thread_list=0x0000026b1d4765b0, length=0, elements={
}

Java Threads: ( => current thread )

Other Threads:
  0x0000026b1f727800 GCTaskThread "GC Thread#0" [stack: 0x000000e7c5c00000,0x000000e7c5d00000] [id=3220]
  0x0000026b1f76d800 ConcurrentGCThread "G1 Main Marker" [stack: 0x000000e7c5d00000,0x000000e7c5e00000] [id=2264]
  0x0000026b1f76e800 ConcurrentGCThread "G1 Conc#0" [stack: 0x000000e7c5e00000,0x000000e7c5f00000] [id=17196]

[error occurred during error reporting (printing all threads), id 0xc0000005, EXCEPTION_ACCESS_VIOLATION (0xc0000005) at pc=0x00007ff8237161a7]

VM state:not at safepoint (not fully initialized)

VM Mutex/Monitor currently owned by a thread:  ([mutex/lock_event])
[0x0000026b1f70b610] Heap_lock - owner thread: 0x0000026b1f70f800

Heap address: 0x0000000741e00000, size: 3042 MB, Compressed Oops mode: Non-zero based: 0x0000000741e00000
Narrow klass base: 0x0000000000000000, Narrow klass shift: 0

GC Heap History (0 events):
No events

Deoptimization events (0 events):
No events

Classes redefined (0 events):
No events

Internal exceptions (0 events):
No events

Events (2 events):
Event: 0.016 Loaded shared library C:\Program Files\JetBrains\IntelliJ IDEA Community Edition 2020.1.1\jbr\bin\zip.dll
Event: 0.018 Loaded shared library C:\Program Files\JetBrains\IntelliJ IDEA Community Edition 2020.1.1\jbr\bin\jimage.dll


Dynamic libraries:
0x00007ff7500e0000 - 0x00007ff7500ea000 	C:\Program Files\JetBrains\IntelliJ IDEA Community Edition 2020.1.1\jbr\bin\java.exe
0x00007ff876b50000 - 0x00007ff876d45000 	C:\WINDOWS\SYSTEM32\ntdll.dll
0x00007ff875770000 - 0x00007ff87582d000 	C:\WINDOWS\System32\KERNEL32.DLL
0x00007ff874560000 - 0x00007ff874827000 	C:\WINDOWS\System32\KERNELBASE.dll
0x00007ff874260000 - 0x00007ff874360000 	C:\WINDOWS\System32\ucrtbase.dll
0x00007ff8520f0000 - 0x00007ff852109000 	C:\Program Files\JetBrains\IntelliJ IDEA Community Edition 2020.1.1\jbr\bin\jli.dll
0x00007ff8520d0000 - 0x00007ff8520e7000 	C:\Program Files\JetBrains\IntelliJ IDEA Community Edition 2020.1.1\jbr\bin\VCRUNTIME140.dll
0x00007ff8763a0000 - 0x00007ff876540000 	C:\WINDOWS\System32\USER32.dll
0x00007ff874830000 - 0x00007ff874852000 	C:\WINDOWS\System32\win32u.dll
0x00007ff866400000 - 0x00007ff86669b000 	C:\WINDOWS\WinSxS\amd64_microsoft.windows.common-controls_6595b64144ccf1df_6.0.19041.488_none_ca04af081b815d21\COMCTL32.dll
0x00007ff875830000 - 0x00007ff87585a000 	C:\WINDOWS\System32\GDI32.dll
0x00007ff874b80000 - 0x00007ff874c1e000 	C:\WINDOWS\System32\msvcrt.dll
0x00007ff8748b0000 - 0x00007ff8749b9000 	C:\WINDOWS\System32\gdi32full.dll
0x00007ff8744c0000 - 0x00007ff87455d000 	C:\WINDOWS\System32\msvcp_win.dll
0x00007ff876370000 - 0x00007ff8763a0000 	C:\WINDOWS\System32\IMM32.DLL
0x00007ff84ac10000 - 0x00007ff84acad000 	C:\Program Files\JetBrains\IntelliJ IDEA Community Edition 2020.1.1\jbr\bin\msvcp140.dll
0x00007ff823430000 - 0x00007ff823eeb000 	C:\Program Files\JetBrains\IntelliJ IDEA Community Edition 2020.1.1\jbr\bin\server\jvm.dll
0x00007ff8756c0000 - 0x00007ff87576a000 	C:\WINDOWS\System32\ADVAPI32.dll
0x00007ff875910000 - 0x00007ff8759ab000 	C:\WINDOWS\System32\sechost.dll
0x00007ff8759b0000 - 0x00007ff875ad4000 	C:\WINDOWS\System32\RPCRT4.dll
0x00007ff875dc0000 - 0x00007ff875dc8000 	C:\WINDOWS\System32\PSAPI.DLL
0x00007ff86e740000 - 0x00007ff86e749000 	C:\WINDOWS\SYSTEM32\WSOCK32.dll
0x00007ff8588e0000 - 0x00007ff858907000 	C:\WINDOWS\SYSTEM32\WINMM.dll
0x00007ff8641b0000 - 0x00007ff8641ba000 	C:\WINDOWS\SYSTEM32\VERSION.dll
0x00007ff875d50000 - 0x00007ff875dbb000 	C:\WINDOWS\System32\WS2_32.dll
0x00007ff872180000 - 0x00007ff872193000 	C:\WINDOWS\SYSTEM32\kernel.appcore.dll
0x00007ff866060000 - 0x00007ff866071000 	C:\Program Files\JetBrains\IntelliJ IDEA Community Edition 2020.1.1\jbr\bin\verify.dll
0x00007ff862b60000 - 0x00007ff862d44000 	C:\WINDOWS\SYSTEM32\DBGHELP.DLL
0x00007ff862a20000 - 0x00007ff862a4c000 	C:\WINDOWS\SYSTEM32\dbgcore.DLL
0x00007ff874b00000 - 0x00007ff874b7f000 	C:\WINDOWS\System32\bcryptPrimitives.dll
0x00007ff864b30000 - 0x00007ff864b59000 	C:\Program Files\JetBrains\IntelliJ IDEA Community Edition 2020.1.1\jbr\bin\java.dll
0x00007ff865d50000 - 0x00007ff865d68000 	C:\Program Files\JetBrains\IntelliJ IDEA Community Edition 2020.1.1\jbr\bin\zip.dll
0x00007ff86e730000 - 0x00007ff86e73b000 	C:\Program Files\JetBrains\IntelliJ IDEA Community Edition 2020.1.1\jbr\bin\jimage.dll

dbghelp: loaded successfully - version: 4.0.5 - missing functions: none
symbol engine: initialized successfully - sym options: 0x614 - pdb path: .;C:\Program Files\JetBrains\IntelliJ IDEA Community Edition 2020.1.1\jbr\bin;C:\WINDOWS\SYSTEM32;C:\WINDOWS\WinSxS\amd64_microsoft.windows.common-controls_6595b64144ccf1df_6.0.19041.488_none_ca04af081b815d21;C:\Program Files\JetBrains\IntelliJ IDEA Community Edition 2020.1.1\jbr\bin\server

VM Arguments:
java_command: org.jetbrains.git4idea.http.GitAskPassApp Username for 'https://gitlab.skillbox.ru': 
java_class_path (initial): C:/Program Files/JetBrains/IntelliJ IDEA Community Edition 2020.1.1/plugins/git4idea/lib/git4idea-rt.jar;C:/Program Files/JetBrains/IntelliJ IDEA Community Edition 2020.1.1/lib/xmlrpc-2.0.1.jar;C:/Program Files/JetBrains/IntelliJ IDEA Community Edition 2020.1.1/lib/commons-codec-1.14.jar;C:/Program Files/JetBrains/IntelliJ IDEA Community Edition 2020.1.1/lib/util.jar
Launcher Type: SUN_STANDARD

[Global flags]
     intx CICompilerCount                          = 3                                         {product} {ergonomic}
     uint ConcGCThreads                            = 1                                         {product} {ergonomic}
     uint G1ConcRefinementThreads                  = 4                                         {product} {ergonomic}
   size_t G1HeapRegionSize                         = 1048576                                   {product} {ergonomic}
    uintx GCDrainStackTargetSize                   = 64                                        {product} {ergonomic}
   size_t InitialHeapSize                          = 201326592                                 {product} {ergonomic}
   size_t MarkStackSize                            = 4194304                                   {product} {ergonomic}
   size_t MaxHeapSize                              = 3189768192                                {product} {ergonomic}
   size_t MinHeapDeltaBytes                        = 1048576                                   {product} {ergonomic}
    uintx NonNMethodCodeHeapSize                   = 5830732                                {pd product} {ergonomic}
    uintx NonProfiledCodeHeapSize                  = 122913754                              {pd product} {ergonomic}
    uintx ProfiledCodeHeapSize                     = 122913754                              {pd product} {ergonomic}
    uintx ReservedCodeCacheSize                    = 251658240                              {pd product} {ergonomic}
     bool SegmentedCodeCache                       = true                                      {product} {ergonomic}
     bool UseCompressedClassPointers               = true                                 {lp64_product} {ergonomic}
     bool UseCompressedOops                        = true                                 {lp64_product} {ergonomic}
     bool UseG1GC                                  = true                                      {product} {ergonomic}
     bool UseLargePagesIndividualAllocation        = false                                  {pd product} {ergonomic}

Logging:
Log output configuration:
 #0: stdout all=warning uptime,level,tags
 #1: stderr all=off uptime,level,tags

Environment Variables:
JAVA_HOME=C:\Program Files\Java\jdk-13.0.1
CLASSPATH=.;..;C:\TIJ4\code;
PATH=C:\Program Files\Git\mingw64\libexec\git-core;C:\Program Files\Git\mingw64\libexec\git-core;C:\Program Files\Git\mingw64\bin;C:\Program Files\Git\usr\bin;C:\Users\valery\bin;C:\Program Files (x86)\Common Files\Oracle\Java\javapath;C:\Program Files\Intel\iCLS Client;C:\WINDOWS\system32;C:\WINDOWS;C:\WINDOWS\System32\Wbem;C:\WINDOWS\System32\WindowsPowerShell\v1.0;C:\Program Files\Condusiv Technologies\ExpressCache;C:\Program Files (x86)\Intel\OpenCL SDK\2.0\bin\x86;C:\Program Files (x86)\Intel\OpenCL SDK\2.0\bin\x64;C:\Program Files\Intel\Intel(R) Management Engine Components\DAL;C:\Program Files\Intel\Intel(R) Management Engine Components\IPT;C:\Program Files (x86)\Intel\Intel(R) Management Engine Components\DAL;C:\Program Files (x86)\Intel\Intel(R) Management Engine Components\IPT;C:\Program Files (x86)\Sony\VAIO Startup Setting Tool;C:\Program Files (x86)\Windows Live\Shared;C:\WINDOWS\System32\OpenSSH;C:\Program Files (x86)\Intel\iCLS Client;C:\Program Files\Java\jdk-13.0.1\bin;C:\Program Files\Git\cmd;C:\Program Files\Docker\Docker\resources\bin;C:\ProgramData\DockerDesktop\version-bin;C:\Program Files\MySQL\MySQL Server 5.7\bin;C:\Program Files\Git\usr\bin;C:\Program Files\JetBrains\IntelliJ IDEA Community Edition 2020.1.1\bin;C:\Users\valery\AppData\Local\Microsoft\WindowsApps
USERNAME=Валерий
DISPLAY=:0.0
OS=Windows_NT
PROCESSOR_IDENTIFIER=Intel64 Family 6 Model 58 Stepping 9, GenuineIntel



---------------  S Y S T E M  ---------------

OS: Windows 10 , 64 bit Build 19041 (10.0.19041.292)
OS uptime: 6 days 4:43 hours
HyperV virtualization detected

CPU:total 4 (initial active 4) (2 cores per cpu, 2 threads per core) family 6 model 58 stepping 9, cmov, cx8, fxsr, mmx, sse, sse2, sse3, ssse3, sse4.1, sse4.2, popcnt, avx, aes, clmul, erms, ht, tsc, tscinvbit, tscinv

Memory: 4k page, system-wide physical 12167M (2289M free)
TotalPageFile size 12167M (AvailPageFile size 4M)
current process WorkingSet (physical memory assigned to process): 10M, peak: 10M
current process commit charge ("private bytes"): 247M, peak: 247M

vm_info: OpenJDK 64-Bit Server VM (11.0.7+10-b765.65) for windows-amd64 JRE (11.0.7+10-b765.65), built on Jul 13 2020 15:36:30 by "" with MS VC++ 14.0 (VS2015)

END.
