#
# There is insufficient memory for the Java Runtime Environment to continue.
# Native memory allocation (mmap) failed to map 201326592 bytes for G1 virtual space
# Possible reasons:
#   The system is out of physical RAM or swap space
#   The process is running with CompressedOops enabled, and the Java Heap may be blocking the growth of the native heap
# Possible solutions:
#   Reduce memory load on the system
#   Increase physical memory or swap space
#   Check if swap backing store is full
#   Decrease Java heap size (-Xmx/-Xms)
#   Decrease number of Java threads
#   Decrease Java thread stack sizes (-Xss)
#   Set larger code cache with -XX:ReservedCodeCacheSize=
#   JVM is running with Zero Based Compressed Oops mode in which the Java heap is
#     placed in the first 32GB address space. The Java Heap base address is the
#     maximum limit for the native heap growth. Please use -XX:HeapBaseMinAddress
#     to set the Java Heap base and to place the Java Heap above 32GB virtual address.
# This output file may be truncated or incomplete.
#
#  Out of Memory Error (os_windows.cpp:3466), pid=18340, tid=8384
#
# JRE version:  (16.0.1+9) (build )
# Java VM: Java HotSpot(TM) 64-Bit Server VM (16.0.1+9-24, mixed mode, sharing, tiered, compressed oops, compressed class ptrs, g1 gc, windows-amd64)
# No core dump will be written. Minidumps are not enabled by default on client versions of Windows
#

---------------  S U M M A R Y ------------

Command Line: -javaagent:C:\Program Files\JetBrains\IntelliJ IDEA Community Edition 2020.3\lib\idea_rt.jar=59277:C:\Program Files\JetBrains\IntelliJ IDEA Community Edition 2020.3\bin -Dfile.encoding=UTF-8 com.skillbox.mongodemo.Test

Host: Intel(R) Core(TM) i5-3337U CPU @ 1.80GHz, 4 cores, 11G,  Windows 10 , 64 bit Build 19041 (10.0.19041.1202)
Time: Wed Oct 13 21:49:29 2021 RTZ 2 (s 10 , 64 bit Build 19041 (10.0.19041.1202) elapsed time: 0.039844 seconds (0d 0h 0m 0s)

---------------  T H R E A D  ---------------

Current thread (0x000002c42d751810):  JavaThread "Unknown thread" [_thread_in_vm, id=8384, stack(0x000000ff6a700000,0x000000ff6a800000)]

Stack: [0x000000ff6a700000,0x000000ff6a800000]
Native frames: (J=compiled Java code, j=interpreted, Vv=VM code, C=native code)
V  [jvm.dll+0x6687ca]
V  [jvm.dll+0x7ca3c9]
V  [jvm.dll+0x7cbb53]
V  [jvm.dll+0x7cc1b3]
V  [jvm.dll+0x242ea5]
V  [jvm.dll+0x665589]
V  [jvm.dll+0x65a175]
V  [jvm.dll+0x2fc5ab]
V  [jvm.dll+0x3037a6]
V  [jvm.dll+0x352fee]
V  [jvm.dll+0x35321f]
V  [jvm.dll+0x2d3618]
V  [jvm.dll+0x2d4854]
V  [jvm.dll+0x79ccb1]
V  [jvm.dll+0x360de1]
V  [jvm.dll+0x77a990]
V  [jvm.dll+0x3e55af]
V  [jvm.dll+0x3e7081]
C  [jli.dll+0x52fb]
C  [ucrtbase.dll+0x21bb2]
C  [KERNEL32.DLL+0x17034]
C  [ntdll.dll+0x52651]


---------------  P R O C E S S  ---------------

Threads class SMR info:
_java_thread_list=0x00007ffeb7a0cbb8, length=0, elements={
}

Java Threads: ( => current thread )

Other Threads:
  0x000002c42d7963c0 GCTaskThread "GC Thread#0" [stack: 0x000000ff6a800000,0x000000ff6a900000] [id=20228]
  0x000002c42d7a3ab0 ConcurrentGCThread "G1 Main Marker" [stack: 0x000000ff6a900000,0x000000ff6aa00000] [id=19056]
  0x000002c42d7a45a0 ConcurrentGCThread "G1 Conc#0" [stack: 0x000000ff6aa00000,0x000000ff6ab00000] [id=9160]

[error occurred during error reporting (printing all threads), id 0xc0000005, EXCEPTION_ACCESS_VIOLATION (0xc0000005) at pc=0x00007ffeb71e44d7]

VM state: not at safepoint (not fully initialized)

VM Mutex/Monitor currently owned by a thread:  ([mutex/lock_event])
[0x000002c42d74ec50] Heap_lock - owner thread: 0x000002c42d751810

Heap address: 0x0000000741e00000, size: 3042 MB, Compressed Oops mode: Zero based, Oop shift amount: 3

CDS archive(s) mapped at: [0x0000000000000000-0x0000000000000000-0x0000000000000000), size 0, SharedBaseAddress: 0x0000000800000000, ArchiveRelocationMode: 0.
Narrow klass base: 0x0000000000000000, Narrow klass shift: 0, Narrow klass range: 0x0

GC Precious Log:
<Empty>

Heap:
 garbage-first heap   total 0K, used 0K [0x0000000741e00000, 0x0000000800000000)
  region size 2048K, 0 young (0K), 0 survivors (0K)

[error occurred during error reporting (printing heap information), id 0xc0000005, EXCEPTION_ACCESS_VIOLATION (0xc0000005) at pc=0x00007ffeb75c24ed]

GC Heap History (0 events):
No events

Deoptimization events (0 events):
No events

Classes unloaded (0 events):
No events

Classes redefined (0 events):
No events

Internal exceptions (0 events):
No events

Events (1 events):
Event: 0.024 Loaded shared library C:\Program Files\Java\jdk-16.0.1\bin\java.dll


Dynamic libraries:
0x00007ff651240000 - 0x00007ff651250000 	C:\Program Files\Java\jdk-16.0.1\bin\java.exe
0x00007fff08470000 - 0x00007fff08665000 	C:\WINDOWS\SYSTEM32\ntdll.dll
0x00007fff06c40000 - 0x00007fff06cfe000 	C:\WINDOWS\System32\KERNEL32.DLL
0x00007fff060d0000 - 0x00007fff06399000 	C:\WINDOWS\System32\KERNELBASE.dll
0x00007fff05cc0000 - 0x00007fff05dc0000 	C:\WINDOWS\System32\ucrtbase.dll
0x00007ffef6e40000 - 0x00007ffef6e59000 	C:\Program Files\Java\jdk-16.0.1\bin\VCRUNTIME140.dll
0x00007ffef53e0000 - 0x00007ffef53f8000 	C:\Program Files\Java\jdk-16.0.1\bin\jli.dll
0x00007fff07330000 - 0x00007fff073dc000 	C:\WINDOWS\System32\ADVAPI32.dll
0x00007fff07d50000 - 0x00007fff07dee000 	C:\WINDOWS\System32\msvcrt.dll
0x00007fff06b10000 - 0x00007fff06bab000 	C:\WINDOWS\System32\sechost.dll
0x00007fff06490000 - 0x00007fff065ba000 	C:\WINDOWS\System32\RPCRT4.dll
0x00007fff08010000 - 0x00007fff081b1000 	C:\WINDOWS\System32\USER32.dll
0x00007fff060a0000 - 0x00007fff060c2000 	C:\WINDOWS\System32\win32u.dll
0x00007ffef7d60000 - 0x00007ffef7ffa000 	C:\WINDOWS\WinSxS\amd64_microsoft.windows.common-controls_6595b64144ccf1df_6.0.19041.1110_none_60b5254171f9507e\COMCTL32.dll
0x00007fff07290000 - 0x00007fff072bb000 	C:\WINDOWS\System32\GDI32.dll
0x00007fff05f30000 - 0x00007fff0603b000 	C:\WINDOWS\System32\gdi32full.dll
0x00007fff063f0000 - 0x00007fff0648d000 	C:\WINDOWS\System32\msvcp_win.dll
0x00007ffef5db0000 - 0x00007ffef5dba000 	C:\WINDOWS\SYSTEM32\VERSION.dll
0x00007fff066f0000 - 0x00007fff06720000 	C:\WINDOWS\System32\IMM32.DLL
0x00007ffefeea0000 - 0x00007ffefeeac000 	C:\Program Files\Java\jdk-16.0.1\bin\vcruntime140_1.dll
0x00007ffedd5b0000 - 0x00007ffedd641000 	C:\Program Files\Java\jdk-16.0.1\bin\msvcp140.dll
0x00007ffeb6f00000 - 0x00007ffeb7aab000 	C:\Program Files\Java\jdk-16.0.1\bin\server\jvm.dll
0x00007fff081e0000 - 0x00007fff081e8000 	C:\WINDOWS\System32\PSAPI.DLL
0x00007fff01600000 - 0x00007fff01609000 	C:\WINDOWS\SYSTEM32\WSOCK32.dll
0x00007fff07df0000 - 0x00007fff07e5b000 	C:\WINDOWS\System32\WS2_32.dll
0x00007ffef6de0000 - 0x00007ffef6e07000 	C:\WINDOWS\SYSTEM32\WINMM.dll
0x00007fff03a20000 - 0x00007fff03a32000 	C:\WINDOWS\SYSTEM32\kernel.appcore.dll
0x00007ffef7cb0000 - 0x00007ffef7cba000 	C:\Program Files\Java\jdk-16.0.1\bin\jimage.dll
0x00007ffef4050000 - 0x00007ffef4234000 	C:\WINDOWS\SYSTEM32\DBGHELP.DLL
0x00007ffef4020000 - 0x00007ffef404c000 	C:\WINDOWS\SYSTEM32\dbgcore.DLL
0x00007fff05ea0000 - 0x00007fff05f23000 	C:\WINDOWS\System32\bcryptPrimitives.dll
0x00007ffef7150000 - 0x00007ffef715e000 	C:\Program Files\Java\jdk-16.0.1\bin\instrument.dll
0x00007ffef50e0000 - 0x00007ffef5105000 	C:\Program Files\Java\jdk-16.0.1\bin\java.dll

dbghelp: loaded successfully - version: 4.0.5 - missing functions: none
symbol engine: initialized successfully - sym options: 0x614 - pdb path: .;C:\Program Files\Java\jdk-16.0.1\bin;C:\WINDOWS\SYSTEM32;C:\WINDOWS\WinSxS\amd64_microsoft.windows.common-controls_6595b64144ccf1df_6.0.19041.1110_none_60b5254171f9507e;C:\Program Files\Java\jdk-16.0.1\bin\server

VM Arguments:
jvm_args: -javaagent:C:\Program Files\JetBrains\IntelliJ IDEA Community Edition 2020.3\lib\idea_rt.jar=59277:C:\Program Files\JetBrains\IntelliJ IDEA Community Edition 2020.3\bin -Dfile.encoding=UTF-8 
java_command: com.skillbox.mongodemo.Test
java_class_path (initial): C:\Users\valery\Desktop\java_basics\18_NoSQL\skill-mongo-java-master\target\classes;C:\Users\valery\.m2\repository\org\mongodb\mongo-java-driver\3.8.2\mongo-java-driver-3.8.2.jar;C:\Users\valery\.m2\repository\net\sf\opencsv\opencsv\2.3\opencsv-2.3.jar;C:\Users\valery\.m2\repository\org\apache\maven\plugins\maven-compiler-plugin\3.8.1\maven-compiler-plugin-3.8.1.jar;C:\Users\valery\.m2\repository\org\apache\maven\maven-plugin-api\3.0\maven-plugin-api-3.0.jar;C:\Users\valery\.m2\repository\org\apache\maven\maven-model\3.0\maven-model-3.0.jar;C:\Users\valery\.m2\repository\org\sonatype\sisu\sisu-inject-plexus\1.4.2\sisu-inject-plexus-1.4.2.jar;C:\Users\valery\.m2\repository\org\sonatype\sisu\sisu-inject-bean\1.4.2\sisu-inject-bean-1.4.2.jar;C:\Users\valery\.m2\repository\org\sonatype\sisu\sisu-guice\2.1.7\sisu-guice-2.1.7-noaop.jar;C:\Users\valery\.m2\repository\org\apache\maven\maven-artifact\3.0\maven-artifact-3.0.jar;C:\Users\valery\.m2\repository\org\codehaus\plexus\plexus-utils\2.0.4\plexus-utils-2.0.4.jar;C:\Users\valery\.m2\repository\org\apache\maven\maven-core\3.0\maven-core-3.0.jar;C:\Users\valery\.m2\repository\org\apache\maven\maven-settings\3.0\maven-settings-3.0.jar;C:\Users\valery\.m2\repository\org\apache\maven\maven-settings-builder\3.0\maven-settings-builder-3.0.jar;C:\Users\valery\.m2\repository\org\apache\maven\maven-repository-metadata\3.0\maven-repository-metadata-3.0.jar;C:\Users\valery\.m2\repository\org\apache\maven\maven-model-builder\3.0\maven-model-builder-3.0.jar;C:\Users\valery\.m2\repository\org\apache\maven\maven-aether-provider\3.0\maven-aether-provider-3.0.jar;C:\Users\valery\.m2\repository\org\sonatype\aether\aether-impl\1.7\aether-impl-1.7.jar;C:\Users\valery\.m2\repository\org\sonatype\aether\aether-spi\1.7\aether-spi-1.7.jar;C:\Users\valery\.m2\repository\org\sonatype\aether\aether-api\1.7\aether-api-1.7.jar;C:\Users\valery\.m2\repository\org\sonatype\aether\aether-util\1.7\aether-util-1.7.jar;C:\Users
Launcher Type: SUN_STANDARD

[Global flags]
     intx CICompilerCount                          = 3                                         {product} {ergonomic}
     uint ConcGCThreads                            = 1                                         {product} {ergonomic}
     uint G1ConcRefinementThreads                  = 4                                         {product} {ergonomic}
   size_t G1HeapRegionSize                         = 2097152                                   {product} {ergonomic}
    uintx GCDrainStackTargetSize                   = 64                                        {product} {ergonomic}
   size_t InitialHeapSize                          = 201326592                                 {product} {ergonomic}
   size_t MarkStackSize                            = 4194304                                   {product} {ergonomic}
   size_t MaxHeapSize                              = 3189768192                                {product} {ergonomic}
   size_t MinHeapDeltaBytes                        = 2097152                                   {product} {ergonomic}
   size_t MinHeapSize                              = 8388608                                   {product} {ergonomic}
    uintx NonNMethodCodeHeapSize                   = 5832780                                {pd product} {ergonomic}
    uintx NonProfiledCodeHeapSize                  = 122912730                              {pd product} {ergonomic}
    uintx ProfiledCodeHeapSize                     = 122912730                              {pd product} {ergonomic}
    uintx ReservedCodeCacheSize                    = 251658240                              {pd product} {ergonomic}
     bool SegmentedCodeCache                       = true                                      {product} {ergonomic}
   size_t SoftMaxHeapSize                          = 3189768192                             {manageable} {ergonomic}
     bool UseCompressedClassPointers               = true                           {product lp64_product} {ergonomic}
     bool UseCompressedOops                        = true                           {product lp64_product} {ergonomic}
     bool UseG1GC                                  = true                                      {product} {ergonomic}
     bool UseLargePagesIndividualAllocation        = false                                  {pd product} {ergonomic}

Logging:
Log output configuration:
 #0: stdout all=warning uptime,level,tags
 #1: stderr all=off uptime,level,tags

Environment Variables:
CLASSPATH=.;..;C:\TIJ4\code;
PATH=C:\Program Files\Java\jdk-13.0.1\bin;C:\Program Files (x86)\Common Files\Oracle\Java\javapath;C:\Program Files\Common Files\Oracle\Java\javapath;C:\Program Files\Intel\iCLS Client\;C:\WINDOWS\system32;C:\WINDOWS;C:\WINDOWS\System32\Wbem;C:\WINDOWS\System32\WindowsPowerShell\v1.0\;C:\Program Files\Condusiv Technologies\ExpressCache\;C:\Program Files (x86)\Intel\OpenCL SDK\2.0\bin\x86;C:\Program Files (x86)\Intel\OpenCL SDK\2.0\bin\x64;C:\Program Files\Intel\Intel(R) Management Engine Components\DAL;C:\Program Files\Intel\Intel(R) Management Engine Components\IPT;C:\Program Files (x86)\Intel\Intel(R) Management Engine Components\DAL;C:\Program Files (x86)\Intel\Intel(R) Management Engine Components\IPT;\;C:\Program Files (x86)\Sony\VAIO Startup Setting Tool;C:\Program Files (x86)\Windows Live\Shared;C:\WINDOWS\System32\OpenSSH\;C:\Program Files (x86)\Intel\iCLS Client\;C:\Program Files\Git\cmd;;C:\Program Files\Docker\Docker\resources\bin;C:\ProgramData\DockerDesktop\version-bin;C:\Program Files\MySQL\MySQL Server 5.7\bin;C:\Program Files\Git\bin;C:\Program Files\JetBrains\IntelliJ IDEA Community Edition 2020.1.1\bin;;C:\Users\valery\AppData\Local\Microsoft\WindowsApps;C:\Program Files\heroku\bin
USERNAME=Валерий
OS=Windows_NT
PROCESSOR_IDENTIFIER=Intel64 Family 6 Model 58 Stepping 9, GenuineIntel



---------------  S Y S T E M  ---------------

OS:
 Windows 10 , 64 bit Build 19041 (10.0.19041.1202)
OS uptime: 2 days 21:04 hours
Hyper-V role detected

CPU: total 4 (initial active 4) (2 cores per cpu, 2 threads per core) family 6 model 58 stepping 9 microcode 0x21, cx8, cmov, fxsr, ht, mmx, sse, sse2, sse3, ssse3, sse4.1, sse4.2, popcnt, tsc, tscinvbit, avx, aes, erms, clmul, vzeroupper, clflush, hv

Memory: 4k page, system-wide physical 12167M (1018M free)
TotalPageFile size 12167M (AvailPageFile size 41M)
current process WorkingSet (physical memory assigned to process): 10M, peak: 10M
current process commit charge ("private bytes"): 51M, peak: 243M

vm_info: Java HotSpot(TM) 64-Bit Server VM (16.0.1+9-24) for windows-amd64 JRE (16.0.1+9-24), built on Mar 26 2021 19:31:42 by "mach5one" with MS VC++ 16.7 (VS2019)

END.
